#
# There is insufficient memory for the Java Runtime Environment to continue.
# Native memory allocation (mmap) failed to map 132120576 bytes for G1 virtual space
# Possible reasons:
#   The system is out of physical RAM or swap space
#   The process is running with CompressedOops enabled, and the Java Heap may be blocking the growth of the native heap
# Possible solutions:
#   Reduce memory load on the system
#   Increase physical memory or swap space
#   Check if swap backing store is full
#   Decrease Java heap size (-Xmx/-Xms)
#   Decrease number of Java threads
#   Decrease Java thread stack sizes (-Xss)
#   Set larger code cache with -XX:ReservedCodeCacheSize=
#   JVM is running with Unscaled Compressed Oops mode in which the Java heap is
#     placed in the first 4GB address space. The Java Heap base address is the
#     maximum limit for the native heap growth. Please use -XX:HeapBaseMinAddress
#     to set the Java Heap base and to place the Java Heap above 4GB virtual address.
# This output file may be truncated or incomplete.
#
#  Out of Memory Error (os_windows.cpp:3530), pid=8992, tid=18516
#
# JRE version:  (18.0.1.1+2) (build )
# Java VM: Java HotSpot(TM) 64-Bit Server VM (18.0.1.1+2-6, mixed mode, sharing, tiered, compressed oops, compressed class ptrs, g1 gc, windows-amd64)
# No core dump will be written. Minidumps are not enabled by default on client versions of Windows
#

---------------  S U M M A R Y ------------

Command Line: -Dfile.encoding=UTF-8 -XX:+ShowCodeDetailsInExceptionMessages Main

Host: Intel(R) Core(TM) i5 CPU         650  @ 3.20GHz, 4 cores, 7G,  Windows 10 , 64 bit Build 19041 (10.0.19041.1566)
Time: Mon Dec  5 01:29:13 2022 Egypt Standard Time elapsed time: 0.023124 seconds (0d 0h 0m 0s)

---------------  T H R E A D  ---------------

Current thread (0x000001e1db23e9e0):  JavaThread "Unknown thread" [_thread_in_vm, id=18516, stack(0x000000a920300000,0x000000a920400000)]

Stack: [0x000000a920300000,0x000000a920400000]
Native frames: (J=compiled Java code, j=interpreted, Vv=VM code, C=native code)
V  [jvm.dll+0x69887a]
V  [jvm.dll+0x7f38bd]
V  [jvm.dll+0x7f51ce]
V  [jvm.dll+0x7f5883]
V  [jvm.dll+0x25ca3f]
V  [jvm.dll+0x6957c9]
V  [jvm.dll+0x68a2fa]
V  [jvm.dll+0x321efb]
V  [jvm.dll+0x3298d6]
V  [jvm.dll+0x37e47e]
V  [jvm.dll+0x37e6af]
V  [jvm.dll+0x2f9c7a]
V  [jvm.dll+0x2facdd]
V  [jvm.dll+0x7c24f0]
V  [jvm.dll+0x38b801]
V  [jvm.dll+0x7a1203]
V  [jvm.dll+0x40d6bf]
V  [jvm.dll+0x40f091]
C  [jli.dll+0x526b]
C  [ucrtbase.dll+0x21bb2]
C  [KERNEL32.DLL+0x17034]
C  [ntdll.dll+0x52651]


---------------  P R O C E S S  ---------------

Threads class SMR info:
_java_thread_list=0x00007ffa6b07d550, length=0, elements={
}

Java Threads: ( => current thread )

Other Threads:
  0x000001e1db29cda0 WorkerThread "GC Thread#0" [stack: 0x000000a920400000,0x000000a920500000] [id=19016]
  0x000001e1db2ae030 ConcurrentGCThread "G1 Main Marker" [stack: 0x000000a920500000,0x000000a920600000] [id=16784]
  0x000001e1db2aea20 WorkerThread "G1 Conc#0" [stack: 0x000000a920600000,0x000000a920700000] [id=18584]

[error occurred during error reporting (printing all threads), id 0xc0000005, EXCEPTION_ACCESS_VIOLATION (0xc0000005) at pc=0x00007ffa6a8aa217]

VM state: not at safepoint (not fully initialized)

VM Mutex/Monitor currently owned by a thread:  ([mutex/lock_event])
[0x000001e1db23bc70] Heap_lock - owner thread: 0x000001e1db23e9e0

Heap address: 0x0000000082200000, size: 2014 MB, Compressed Oops mode: 32-bit

CDS archive(s) mapped at: [0x0000000000000000-0x0000000000000000-0x0000000000000000), size 0, SharedBaseAddress: 0x0000000800000000, ArchiveRelocationMode: 0.
Narrow klass base: 0x0000000000000000, Narrow klass shift: 0, Narrow klass range: 0x0

GC Precious Log:
 CardTable entry size: 512
 Card Set container configuration: InlinePtr #cards 5 size 8 Array Of Cards #cards 12 size 40 Howl #buckets 4 coarsen threshold 1843 Howl Bitmap #cards 512 size 80 coarsen threshold 460 Card regions per heap region 1 cards per card region 2048

Heap:
 garbage-first heap   total 0K, used 0K [0x0000000082200000, 0x0000000100000000)
  region size 1024K, 0 young (0K), 0 survivors (0K)

[error occurred during error reporting (printing heap information), id 0xc0000005, EXCEPTION_ACCESS_VIOLATION (0xc0000005) at pc=0x00007ffa6ac90cb9]

GC Heap History (0 events):
No events

Deoptimization events (0 events):
No events

Classes loaded (0 events):
No events

Classes unloaded (0 events):
No events

Classes redefined (0 events):
No events

Internal exceptions (0 events):
No events

VM Operations (0 events):
No events

Events (1 events):
Event: 0.017 Loaded shared library C:\Program Files\Java\jdk-18.0.1.1\bin\java.dll


Dynamic libraries:
0x00007ff6daa60000 - 0x00007ff6daa70000 	C:\Program Files\Java\jdk-18.0.1.1\bin\javaw.exe
0x00007ffac20d0000 - 0x00007ffac22c5000 	C:\Windows\SYSTEM32\ntdll.dll
0x00007ffac0440000 - 0x00007ffac04fe000 	C:\Windows\System32\KERNEL32.DLL
0x00007ffabfb00000 - 0x00007ffabfdc8000 	C:\Windows\System32\KERNELBASE.dll
0x00007ffabfe50000 - 0x00007ffabff50000 	C:\Windows\System32\ucrtbase.dll
0x00007ffaac470000 - 0x00007ffaac48a000 	C:\Program Files\Java\jdk-18.0.1.1\bin\VCRUNTIME140.dll
0x00007ffa9a300000 - 0x00007ffa9a318000 	C:\Program Files\Java\jdk-18.0.1.1\bin\jli.dll
0x00007ffac0b70000 - 0x00007ffac0c1e000 	C:\Windows\System32\ADVAPI32.dll
0x00007ffac0130000 - 0x00007ffac01ce000 	C:\Windows\System32\msvcrt.dll
0x00007ffac1ff0000 - 0x00007ffac208c000 	C:\Windows\System32\sechost.dll
0x00007ffac09b0000 - 0x00007ffac0ad5000 	C:\Windows\System32\RPCRT4.dll
0x00007ffac1480000 - 0x00007ffac1620000 	C:\Windows\System32\USER32.dll
0x00007ffab5020000 - 0x00007ffab52ba000 	C:\Windows\WinSxS\amd64_microsoft.windows.common-controls_6595b64144ccf1df_6.0.19041.1110_none_60b5254171f9507e\COMCTL32.dll
0x00007ffabffc0000 - 0x00007ffabffe2000 	C:\Windows\System32\win32u.dll
0x00007ffac0620000 - 0x00007ffac064b000 	C:\Windows\System32\GDI32.dll
0x00007ffabf950000 - 0x00007ffabfa5b000 	C:\Windows\System32\gdi32full.dll
0x00007ffabfa60000 - 0x00007ffabfafd000 	C:\Windows\System32\msvcp_win.dll
0x00007ffab82c0000 - 0x00007ffab82ca000 	C:\Windows\SYSTEM32\VERSION.dll
0x00007ffac1f10000 - 0x00007ffac1f40000 	C:\Windows\System32\IMM32.DLL
0x00007ffabb500000 - 0x00007ffabb50c000 	C:\Program Files\Java\jdk-18.0.1.1\bin\vcruntime140_1.dll
0x00007ffa8fcc0000 - 0x00007ffa8fd4d000 	C:\Program Files\Java\jdk-18.0.1.1\bin\msvcp140.dll
0x00007ffa6a5a0000 - 0x00007ffa6b1b0000 	C:\Program Files\Java\jdk-18.0.1.1\bin\server\jvm.dll
0x00007ffac0b50000 - 0x00007ffac0b58000 	C:\Windows\System32\PSAPI.DLL
0x00007ffa80bb0000 - 0x00007ffa80bb9000 	C:\Windows\SYSTEM32\WSOCK32.dll
0x00007ffac0ae0000 - 0x00007ffac0b4b000 	C:\Windows\System32\WS2_32.dll
0x00007ffab5370000 - 0x00007ffab5397000 	C:\Windows\SYSTEM32\WINMM.dll
0x00007ffabd720000 - 0x00007ffabd732000 	C:\Windows\SYSTEM32\kernel.appcore.dll
0x00007ffab2370000 - 0x00007ffab237a000 	C:\Program Files\Java\jdk-18.0.1.1\bin\jimage.dll
0x00007ffab8d10000 - 0x00007ffab8ef4000 	C:\Windows\SYSTEM32\DBGHELP.DLL
0x00007ffaaee10000 - 0x00007ffaaee3c000 	C:\Windows\SYSTEM32\dbgcore.DLL
0x00007ffabfff0000 - 0x00007ffac0072000 	C:\Windows\System32\bcryptPrimitives.dll
0x00007ffa9a2d0000 - 0x00007ffa9a2f5000 	C:\Program Files\Java\jdk-18.0.1.1\bin\java.dll

dbghelp: loaded successfully - version: 4.0.5 - missing functions: none
symbol engine: initialized successfully - sym options: 0x614 - pdb path: .;C:\Program Files\Java\jdk-18.0.1.1\bin;C:\Windows\SYSTEM32;C:\Windows\WinSxS\amd64_microsoft.windows.common-controls_6595b64144ccf1df_6.0.19041.1110_none_60b5254171f9507e;C:\Program Files\Java\jdk-18.0.1.1\bin\server

VM Arguments:
jvm_args: -Dfile.encoding=UTF-8 -XX:+ShowCodeDetailsInExceptionMessages 
java_command: Main
java_class_path (initial): C:\Users\abdau\eclipse-workspace\Fawry_System\bin
Launcher Type: SUN_STANDARD

[Global flags]
     intx CICompilerCount                          = 3                                         {product} {ergonomic}
     uint ConcGCThreads                            = 1                                         {product} {ergonomic}
     uint G1ConcRefinementThreads                  = 4                                         {product} {ergonomic}
   size_t G1HeapRegionSize                         = 1048576                                   {product} {ergonomic}
    uintx GCDrainStackTargetSize                   = 64                                        {product} {ergonomic}
   size_t InitialHeapSize                          = 132120576                                 {product} {ergonomic}
   size_t MarkStackSize                            = 4194304                                   {product} {ergonomic}
   size_t MaxHeapSize                              = 2111832064                                {product} {ergonomic}
   size_t MinHeapDeltaBytes                        = 1048576                                   {product} {ergonomic}
   size_t MinHeapSize                              = 8388608                                   {product} {ergonomic}
    uintx NonNMethodCodeHeapSize                   = 5832780                                {pd product} {ergonomic}
    uintx NonProfiledCodeHeapSize                  = 122912730                              {pd product} {ergonomic}
    uintx ProfiledCodeHeapSize                     = 122912730                              {pd product} {ergonomic}
    uintx ReservedCodeCacheSize                    = 251658240                              {pd product} {ergonomic}
     bool SegmentedCodeCache                       = true                                      {product} {ergonomic}
     bool ShowCodeDetailsInExceptionMessages       = true                                   {manageable} {command line}
   size_t SoftMaxHeapSize                          = 2111832064                             {manageable} {ergonomic}
     bool UseCompressedClassPointers               = true                           {product lp64_product} {ergonomic}
     bool UseCompressedOops                        = true                           {product lp64_product} {ergonomic}
     bool UseG1GC                                  = true                                      {product} {ergonomic}
     bool UseLargePagesIndividualAllocation        = false                                  {pd product} {ergonomic}

Logging:
Log output configuration:
 #0: stdout all=warning uptime,level,tags foldmultilines=false
 #1: stderr all=off uptime,level,tags foldmultilines=false

Environment Variables:
PATH=C:\Program Files\Common Files\Oracle\Java\javapath;C:\Windows\system32;C:\Windows;C:\Windows\System32\WindowsPowerShell\v1.0\;C:\Windows\System32\OpenSSH\;C:\Program Files\Microsoft SQL Server\Client SDK\ODBC\170\Tools\Binn\;C:\Program Files (x86)\Microsoft SQL Server\150\Tools\Binn\;C:\Program Files\Microsoft SQL Server\150\Tools\Binn\;C:\Program Files\Microsoft SQL Server\150\DTS\Binn\;C:\Program Files (x86)\Microsoft SQL Server\150\DTS\Binn\;C:\Program Files\Azure Data Studio\bin;C:\Program Files\dotnet\;C:\Program Files\nodejs\;C:\Program Files\Git\cmd;C:\Users\abdau\AppData\Local\Programs\Python\Python310\Scripts\;C:\Users\abdau\AppData\Local\Programs\Python\Python310\;C:\Users\abdau\AppData\Local\Microsoft\WindowsApps;C:\Program Files\Azure Data Studio\bin;C:\Users\abdau\AppData\Local\Programs\Microsoft VS Code\bin;C:\MinGW\bin;C:\Users\abdau\.dotnet\tools;C:\Program Files\JetBrains\IntelliJ IDEA Community Edition 2022.1.1\bin;;C:\Users\abdau\AppData\Roaming\npm
USERNAME=abdau
OS=Windows_NT
PROCESSOR_IDENTIFIER=Intel64 Family 6 Model 37 Stepping 5, GenuineIntel



---------------  S Y S T E M  ---------------

OS:
 Windows 10 , 64 bit Build 19041 (10.0.19041.1566)
OS uptime: 1 days 13:04 hours

CPU: total 4 (initial active 4) (2 cores per cpu, 2 threads per core) family 6 model 37 stepping 5 microcode 0x7, cx8, cmov, fxsr, ht, mmx, sse, sse2, sse3, ssse3, sse4.1, sse4.2, popcnt, tsc, tscinvbit, aes, clmul, clflush

Memory: 4k page, system-wide physical 8055M (1881M free)
TotalPageFile size 20184M (AvailPageFile size 23M)
current process WorkingSet (physical memory assigned to process): 10M, peak: 10M
current process commit charge ("private bytes"): 52M, peak: 177M

vm_info: Java HotSpot(TM) 64-Bit Server VM (18.0.1.1+2-6) for windows-amd64 JRE (18.0.1.1+2-6), built on Apr 25 2022 21:53:15 by "mach5one" with MS VC++ 16.8 / 16.9 (VS2019)

END.
